<?xml version="1.0" encoding="UTF-8"?>
<!-- Generated by org.testng.reporters.JUnitReportReporter -->
<testsuite skipped="0" hostname="DESKTOP-8MPHSFA" name="com.fm.rough.DataProviderTestAddingCustomer" tests="2" failures="0" timestamp="18 Feb 2018 20:58:13 GMT" time="22.033" errors="0">
  <testcase name="addCustomers" time="11.667" classname="com.fm.rough.DataProviderTestAddingCustomer"/>
  <testcase name="addCustomers" time="10.366" classname="com.fm.rough.DataProviderTestAddingCustomer"/>
</testsuite> <!-- com.fm.rough.DataProviderTestAddingCustomer -->
