<?xml version="1.0" encoding="UTF-8"?>
<!-- Generated by org.testng.reporters.JUnitReportReporter -->
<testsuite skipped="0" hostname="DESKTOP-8MPHSFA" name="com.fm.rough.FindingElement" tests="1" failures="0" timestamp="17 Feb 2018 01:44:37 GMT" time="5.873" errors="0">
  <testcase name="testingElements" time="5.873" classname="com.fm.rough.FindingElement"/>
</testsuite> <!-- com.fm.rough.FindingElement -->
