<?xml version="1.0" encoding="UTF-8"?>
<!-- Generated by org.testng.reporters.JUnitReportReporter -->
<testsuite skipped="1" hostname="DESKTOP-8MPHSFA" name="com.fm.rough.DataProviderTest" tests="1" failures="0" timestamp="18 Feb 2018 20:56:07 GMT" time="0.000" errors="0">
  <testcase name="wordPressLogin" time="0.000" classname="com.fm.rough.DataProviderTest">
    <skipped/>
  </testcase> <!-- wordPressLogin -->
</testsuite> <!-- com.fm.rough.DataProviderTest -->
