<?xml version="1.0" encoding="UTF-8"?>
<!-- Generated by org.testng.reporters.JUnitReportReporter -->
<testsuite skipped="0" hostname="DESKTOP-8MPHSFA" name="com.fm.testcases.AddCustomer" tests="1" failures="0" timestamp="18 Feb 2018 23:38:46 GMT" time="6.457" errors="0">
  <testcase name="addCustomer" time="6.457" classname="com.fm.testcases.AddCustomer"/>
</testsuite> <!-- com.fm.testcases.AddCustomer -->
